[ 2017-11-07T00:49:22+08:00 ] 39.108.244.241 /
INFO: [ app_init ] --START--
INFO: Run Behavior\BuildLiteBehavior [ RunTime:0.000009s ]
INFO: [ app_init ] --END-- [ RunTime:0.000203s ]
INFO: [ app_begin ] --START--
INFO: Run Behavior\ReadHtmlCacheBehavior [ RunTime:0.000237s ]
INFO: [ app_begin ] --END-- [ RunTime:0.000274s ]
INFO: [ view_parse ] --START--
INFO: [ template_filter ] --START--
INFO: Run Behavior\ContentReplaceBehavior [ RunTime:0.000109s ]
INFO: [ template_filter ] --END-- [ RunTime:0.000138s ]
NOTIC: [8] Undefined index: uid /webdata/Application/Runtime/Cache/Home/2a94b8bda04ff446dcedd42276fc99ee.php 第 38 行.
INFO: Run Behavior\ParseTemplateBehavior [ RunTime:0.012232s ]
INFO: [ view_parse ] --END-- [ RunTime:0.012259s ]
INFO: [ view_filter ] --START--
INFO: Run Behavior\WriteHtmlCacheBehavior [ RunTime:0.000079s ]
INFO: [ view_filter ] --END-- [ RunTime:0.000100s ]
INFO: [ app_end ] --START--
INFO: Run Behavior\ShowPageTraceBehavior [ RunTime:0.000254s ]
INFO: [ app_end ] --END-- [ RunTime:0.000281s ]

[ 2017-11-07T00:52:17+08:00 ] 118.163.85.184 /
INFO: [ app_init ] --START--
INFO: Run Behavior\BuildLiteBehavior [ RunTime:0.000009s ]
INFO: [ app_init ] --END-- [ RunTime:0.000194s ]
INFO: [ app_begin ] --START--
INFO: Run Behavior\ReadHtmlCacheBehavior [ RunTime:0.000259s ]
INFO: [ app_begin ] --END-- [ RunTime:0.000289s ]
INFO: [ view_parse ] --START--
INFO: [ template_filter ] --START--
INFO: Run Behavior\ContentReplaceBehavior [ RunTime:0.000111s ]
INFO: [ template_filter ] --END-- [ RunTime:0.000143s ]
NOTIC: [8] Undefined index: uid /webdata/Application/Runtime/Cache/Home/2a94b8bda04ff446dcedd42276fc99ee.php 第 38 行.
INFO: Run Behavior\ParseTemplateBehavior [ RunTime:0.012324s ]
INFO: [ view_parse ] --END-- [ RunTime:0.012351s ]
INFO: [ view_filter ] --START--
INFO: Run Behavior\WriteHtmlCacheBehavior [ RunTime:0.000096s ]
INFO: [ view_filter ] --END-- [ RunTime:0.000118s ]
INFO: [ app_end ] --START--
INFO: Run Behavior\ShowPageTraceBehavior [ RunTime:0.000251s ]
INFO: [ app_end ] --END-- [ RunTime:0.000279s ]

[ 2017-11-07T01:02:36+08:00 ] 47.92.2.1 /
INFO: [ app_init ] --START--
INFO: Run Behavior\BuildLiteBehavior [ RunTime:0.000010s ]
INFO: [ app_init ] --END-- [ RunTime:0.000204s ]
INFO: [ app_begin ] --START--
INFO: Run Behavior\ReadHtmlCacheBehavior [ RunTime:0.000242s ]
INFO: [ app_begin ] --END-- [ RunTime:0.000271s ]
INFO: [ view_parse ] --START--
INFO: [ template_filter ] --START--
INFO: Run Behavior\ContentReplaceBehavior [ RunTime:0.000110s ]
INFO: [ template_filter ] --END-- [ RunTime:0.000147s ]
NOTIC: [8] Undefined index: uid /webdata/Application/Runtime/Cache/Home/2a94b8bda04ff446dcedd42276fc99ee.php 第 38 行.
INFO: Run Behavior\ParseTemplateBehavior [ RunTime:0.012420s ]
INFO: [ view_parse ] --END-- [ RunTime:0.012447s ]
INFO: [ view_filter ] --START--
INFO: Run Behavior\WriteHtmlCacheBehavior [ RunTime:0.000079s ]
INFO: [ view_filter ] --END-- [ RunTime:0.000100s ]
INFO: [ app_end ] --START--
INFO: Run Behavior\ShowPageTraceBehavior [ RunTime:0.000251s ]
INFO: [ app_end ] --END-- [ RunTime:0.000279s ]

[ 2017-11-07T02:19:53+08:00 ] 202.108.211.56 /
INFO: [ app_init ] --START--
INFO: Run Behavior\BuildLiteBehavior [ RunTime:0.000009s ]
INFO: [ app_init ] --END-- [ RunTime:0.000191s ]
INFO: [ app_begin ] --START--
INFO: Run Behavior\ReadHtmlCacheBehavior [ RunTime:0.000259s ]
INFO: [ app_begin ] --END-- [ RunTime:0.000288s ]
INFO: [ view_parse ] --START--
INFO: [ template_filter ] --START--
INFO: Run Behavior\ContentReplaceBehavior [ RunTime:0.000119s ]
INFO: [ template_filter ] --END-- [ RunTime:0.000149s ]
NOTIC: [8] Undefined index: uid /webdata/Application/Runtime/Cache/Home/2a94b8bda04ff446dcedd42276fc99ee.php 第 38 行.
INFO: Run Behavior\ParseTemplateBehavior [ RunTime:0.012222s ]
INFO: [ view_parse ] --END-- [ RunTime:0.012248s ]
INFO: [ view_filter ] --START--
INFO: Run Behavior\WriteHtmlCacheBehavior [ RunTime:0.000079s ]
INFO: [ view_filter ] --END-- [ RunTime:0.000099s ]
INFO: [ app_end ] --START--
INFO: Run Behavior\ShowPageTraceBehavior [ RunTime:0.000258s ]
INFO: [ app_end ] --END-- [ RunTime:0.000285s ]

[ 2017-11-07T03:11:01+08:00 ] 185.110.132.232 /
INFO: [ app_init ] --START--
INFO: Run Behavior\BuildLiteBehavior [ RunTime:0.000009s ]
INFO: [ app_init ] --END-- [ RunTime:0.000190s ]
INFO: [ app_begin ] --START--
INFO: Run Behavior\ReadHtmlCacheBehavior [ RunTime:0.000255s ]
INFO: [ app_begin ] --END-- [ RunTime:0.000286s ]
INFO: [ view_parse ] --START--
INFO: [ template_filter ] --START--
INFO: Run Behavior\ContentReplaceBehavior [ RunTime:0.000108s ]
INFO: [ template_filter ] --END-- [ RunTime:0.000138s ]
NOTIC: [8] Undefined index: uid /webdata/Application/Runtime/Cache/Home/2a94b8bda04ff446dcedd42276fc99ee.php 第 38 行.
INFO: Run Behavior\ParseTemplateBehavior [ RunTime:0.012518s ]
INFO: [ view_parse ] --END-- [ RunTime:0.012544s ]
INFO: [ view_filter ] --START--
INFO: Run Behavior\WriteHtmlCacheBehavior [ RunTime:0.000091s ]
INFO: [ view_filter ] --END-- [ RunTime:0.000113s ]
INFO: [ app_end ] --START--
INFO: Run Behavior\ShowPageTraceBehavior [ RunTime:0.000243s ]
INFO: [ app_end ] --END-- [ RunTime:0.000269s ]

[ 2017-11-07T06:39:49+08:00 ] 141.170.246.18 /
INFO: [ app_init ] --START--
INFO: Run Behavior\BuildLiteBehavior [ RunTime:0.000010s ]
INFO: [ app_init ] --END-- [ RunTime:0.000221s ]
INFO: [ app_begin ] --START--
INFO: Run Behavior\ReadHtmlCacheBehavior [ RunTime:0.000267s ]
INFO: [ app_begin ] --END-- [ RunTime:0.000298s ]
INFO: [ view_parse ] --START--
INFO: [ template_filter ] --START--
INFO: Run Behavior\ContentReplaceBehavior [ RunTime:0.000110s ]
INFO: [ template_filter ] --END-- [ RunTime:0.000143s ]
NOTIC: [8] Undefined index: uid /webdata/Application/Runtime/Cache/Home/2a94b8bda04ff446dcedd42276fc99ee.php 第 38 行.
INFO: Run Behavior\ParseTemplateBehavior [ RunTime:0.012563s ]
INFO: [ view_parse ] --END-- [ RunTime:0.012591s ]
INFO: [ view_filter ] --START--
INFO: Run Behavior\WriteHtmlCacheBehavior [ RunTime:0.000081s ]
INFO: [ view_filter ] --END-- [ RunTime:0.000100s ]
INFO: [ app_end ] --START--
INFO: Run Behavior\ShowPageTraceBehavior [ RunTime:0.000254s ]
INFO: [ app_end ] --END-- [ RunTime:0.000281s ]

[ 2017-11-07T10:26:15+08:00 ] 119.136.183.70 /
INFO: [ app_init ] --START--
INFO: Run Behavior\BuildLiteBehavior [ RunTime:0.000012s ]
INFO: [ app_init ] --END-- [ RunTime:0.000217s ]
INFO: [ app_begin ] --START--
INFO: Run Behavior\ReadHtmlCacheBehavior [ RunTime:0.000274s ]
INFO: [ app_begin ] --END-- [ RunTime:0.000308s ]
INFO: [ view_parse ] --START--
INFO: [ template_filter ] --START--
INFO: Run Behavior\ContentReplaceBehavior [ RunTime:0.000112s ]
INFO: [ template_filter ] --END-- [ RunTime:0.000143s ]
NOTIC: [8] Undefined index: uid /webdata/Application/Runtime/Cache/Home/2a94b8bda04ff446dcedd42276fc99ee.php 第 38 行.
INFO: Run Behavior\ParseTemplateBehavior [ RunTime:0.012650s ]
INFO: [ view_parse ] --END-- [ RunTime:0.012678s ]
INFO: [ view_filter ] --START--
INFO: Run Behavior\WriteHtmlCacheBehavior [ RunTime:0.000081s ]
INFO: [ view_filter ] --END-- [ RunTime:0.000102s ]
INFO: [ app_end ] --START--
INFO: Run Behavior\ShowPageTraceBehavior [ RunTime:0.000251s ]
INFO: [ app_end ] --END-- [ RunTime:0.000279s ]

[ 2017-11-07T10:27:19+08:00 ] 119.136.183.70 /index.php/Home/User/login.html
INFO: [ app_init ] --START--
INFO: Run Behavior\BuildLiteBehavior [ RunTime:0.000009s ]
INFO: [ app_init ] --END-- [ RunTime:0.000202s ]
INFO: [ app_begin ] --START--
INFO: Run Behavior\ReadHtmlCacheBehavior [ RunTime:0.000242s ]
INFO: [ app_begin ] --END-- [ RunTime:0.000272s ]
INFO: [ view_parse ] --START--
INFO: [ template_filter ] --START--
INFO: Run Behavior\ContentReplaceBehavior [ RunTime:0.000038s ]
INFO: [ template_filter ] --END-- [ RunTime:0.000066s ]
NOTIC: [8] Undefined index: uid /webdata/Application/Runtime/Cache/Home/5c9ee6d19cd41add49f97afe3aef0b25.php 第 25 行.
INFO: Run Behavior\ParseTemplateBehavior [ RunTime:0.004108s ]
INFO: [ view_parse ] --END-- [ RunTime:0.004134s ]
INFO: [ view_filter ] --START--
INFO: Run Behavior\WriteHtmlCacheBehavior [ RunTime:0.000093s ]
INFO: [ view_filter ] --END-- [ RunTime:0.000113s ]
INFO: [ app_end ] --START--
INFO: Run Behavior\ShowPageTraceBehavior [ RunTime:0.000244s ]
INFO: [ app_end ] --END-- [ RunTime:0.000268s ]

[ 2017-11-07T10:27:19+08:00 ] 119.136.183.70 /index.php/Home/User/captcha
INFO: [ app_init ] --START--
INFO: Run Behavior\BuildLiteBehavior [ RunTime:0.000009s ]
INFO: [ app_init ] --END-- [ RunTime:0.000205s ]
INFO: [ app_begin ] --START--
INFO: Run Behavior\ReadHtmlCacheBehavior [ RunTime:0.000244s ]
INFO: [ app_begin ] --END-- [ RunTime:0.000274s ]
INFO: [ app_end ] --START--
INFO: Run Behavior\ShowPageTraceBehavior [ RunTime:0.000281s ]
INFO: [ app_end ] --END-- [ RunTime:0.000314s ]

[ 2017-11-07T10:27:29+08:00 ] 61.151.180.39 /index.php/Home/User/captcha
INFO: [ app_init ] --START--
INFO: Run Behavior\BuildLiteBehavior [ RunTime:0.000009s ]
INFO: [ app_init ] --END-- [ RunTime:0.000194s ]
INFO: [ app_begin ] --START--
INFO: Run Behavior\ReadHtmlCacheBehavior [ RunTime:0.000256s ]
INFO: [ app_begin ] --END-- [ RunTime:0.000285s ]
INFO: [ app_end ] --START--
INFO: Run Behavior\ShowPageTraceBehavior [ RunTime:0.000264s ]
INFO: [ app_end ] --END-- [ RunTime:0.000296s ]

[ 2017-11-07T10:27:29+08:00 ] 101.226.66.193 /index.php/Home/User/login.html
INFO: [ app_init ] --START--
INFO: Run Behavior\BuildLiteBehavior [ RunTime:0.000009s ]
INFO: [ app_init ] --END-- [ RunTime:0.000198s ]
INFO: [ app_begin ] --START--
INFO: Run Behavior\ReadHtmlCacheBehavior [ RunTime:0.000243s ]
INFO: [ app_begin ] --END-- [ RunTime:0.000270s ]
INFO: [ view_parse ] --START--
INFO: [ template_filter ] --START--
INFO: Run Behavior\ContentReplaceBehavior [ RunTime:0.000044s ]
INFO: [ template_filter ] --END-- [ RunTime:0.000073s ]
NOTIC: [8] Undefined index: uid /webdata/Application/Runtime/Cache/Home/5c9ee6d19cd41add49f97afe3aef0b25.php 第 25 行.
INFO: Run Behavior\ParseTemplateBehavior [ RunTime:0.004115s ]
INFO: [ view_parse ] --END-- [ RunTime:0.004141s ]
INFO: [ view_filter ] --START--
INFO: Run Behavior\WriteHtmlCacheBehavior [ RunTime:0.000077s ]
INFO: [ view_filter ] --END-- [ RunTime:0.000097s ]
INFO: [ app_end ] --START--
INFO: Run Behavior\ShowPageTraceBehavior [ RunTime:0.000248s ]
INFO: [ app_end ] --END-- [ RunTime:0.000271s ]

[ 2017-11-07T10:27:36+08:00 ] 119.136.183.70 /index.php/Home/User/check?code=idt8
INFO: [ app_init ] --START--
INFO: Run Behavior\BuildLiteBehavior [ RunTime:0.000009s ]
INFO: [ app_init ] --END-- [ RunTime:0.000188s ]
INFO: [ app_begin ] --START--
INFO: Run Behavior\ReadHtmlCacheBehavior [ RunTime:0.000257s ]
INFO: [ app_begin ] --END-- [ RunTime:0.000284s ]
INFO: [ app_end ] --START--
INFO: Run Behavior\ShowPageTraceBehavior [ RunTime:0.000249s ]
INFO: [ app_end ] --END-- [ RunTime:0.000290s ]

[ 2017-11-07T10:27:37+08:00 ] 119.136.183.70 /index.php/Home/User/check?code=idt8
INFO: [ app_init ] --START--
INFO: Run Behavior\BuildLiteBehavior [ RunTime:0.000009s ]
INFO: [ app_init ] --END-- [ RunTime:0.000210s ]
INFO: [ app_begin ] --START--
INFO: Run Behavior\ReadHtmlCacheBehavior [ RunTime:0.000285s ]
INFO: [ app_begin ] --END-- [ RunTime:0.000317s ]
INFO: [ app_end ] --START--
INFO: Run Behavior\ShowPageTraceBehavior [ RunTime:0.000294s ]
INFO: [ app_end ] --END-- [ RunTime:0.000328s ]

[ 2017-11-07T10:27:42+08:00 ] 119.136.183.70 /index.php/Home/User/login.html
INFO: [ app_init ] --START--
INFO: Run Behavior\BuildLiteBehavior [ RunTime:0.000010s ]
INFO: [ app_init ] --END-- [ RunTime:0.000233s ]
INFO: [ app_begin ] --START--
INFO: Run Behavior\ReadHtmlCacheBehavior [ RunTime:0.000268s ]
INFO: [ app_begin ] --END-- [ RunTime:0.000303s ]
SQL: SHOW COLUMNS FROM `sp_user` [ RunTime:0.0006s ]
SQL: SELECT `user_id`,`user_name` FROM `sp_user` WHERE ( user_name='admin' && user_pwd='4cb853e11f2e24f7639da7b7bf0ce35da25fdb1a' ) LIMIT 1   [ RunTime:0.0002s ]
INFO: [ view_parse ] --START--
INFO: [ template_filter ] --START--
INFO: Run Behavior\ContentReplaceBehavior [ RunTime:0.000025s ]
INFO: [ template_filter ] --END-- [ RunTime:0.000052s ]
INFO: Run Behavior\ParseTemplateBehavior [ RunTime:0.002792s ]
INFO: [ view_parse ] --END-- [ RunTime:0.002819s ]
INFO: [ view_filter ] --START--
INFO: Run Behavior\WriteHtmlCacheBehavior [ RunTime:0.000072s ]
INFO: [ view_filter ] --END-- [ RunTime:0.000100s ]

[ 2017-11-07T10:27:43+08:00 ] 119.136.183.70 /index.php/Home/User/check?code=idt8
INFO: [ app_init ] --START--
INFO: Run Behavior\BuildLiteBehavior [ RunTime:0.000009s ]
INFO: [ app_init ] --END-- [ RunTime:0.000198s ]
INFO: [ app_begin ] --START--
INFO: Run Behavior\ReadHtmlCacheBehavior [ RunTime:0.000242s ]
INFO: [ app_begin ] --END-- [ RunTime:0.000269s ]
INFO: [ app_end ] --START--
INFO: Run Behavior\ShowPageTraceBehavior [ RunTime:0.000246s ]
INFO: [ app_end ] --END-- [ RunTime:0.000276s ]

[ 2017-11-07T10:27:44+08:00 ] 119.136.183.70 /index.php/Home/User/login.html
INFO: [ app_init ] --START--
INFO: Run Behavior\BuildLiteBehavior [ RunTime:0.000009s ]
INFO: [ app_init ] --END-- [ RunTime:0.000190s ]
INFO: [ app_begin ] --START--
INFO: Run Behavior\ReadHtmlCacheBehavior [ RunTime:0.000261s ]
INFO: [ app_begin ] --END-- [ RunTime:0.000290s ]
INFO: [ view_parse ] --START--
INFO: [ template_filter ] --START--
INFO: Run Behavior\ContentReplaceBehavior [ RunTime:0.000040s ]
INFO: [ template_filter ] --END-- [ RunTime:0.000068s ]
NOTIC: [8] Undefined index: uid /webdata/Application/Runtime/Cache/Home/5c9ee6d19cd41add49f97afe3aef0b25.php 第 25 行.
INFO: Run Behavior\ParseTemplateBehavior [ RunTime:0.004147s ]
INFO: [ view_parse ] --END-- [ RunTime:0.004174s ]
INFO: [ view_filter ] --START--
INFO: Run Behavior\WriteHtmlCacheBehavior [ RunTime:0.000078s ]
INFO: [ view_filter ] --END-- [ RunTime:0.000098s ]
INFO: [ app_end ] --START--
INFO: Run Behavior\ShowPageTraceBehavior [ RunTime:0.000258s ]
INFO: [ app_end ] --END-- [ RunTime:0.000283s ]

[ 2017-11-07T10:27:46+08:00 ] 61.151.178.170 /index.php/Home/User/check?code=idt8
INFO: [ app_init ] --START--
INFO: Run Behavior\BuildLiteBehavior [ RunTime:0.000010s ]
INFO: [ app_init ] --END-- [ RunTime:0.000206s ]
INFO: [ app_begin ] --START--
INFO: Run Behavior\ReadHtmlCacheBehavior [ RunTime:0.000249s ]
INFO: [ app_begin ] --END-- [ RunTime:0.000288s ]
INFO: [ app_end ] --START--
INFO: Run Behavior\ShowPageTraceBehavior [ RunTime:0.000265s ]
INFO: [ app_end ] --END-- [ RunTime:0.000296s ]

[ 2017-11-07T10:27:48+08:00 ] 119.136.183.70 /index.php/Home/User/check?code=idt8
INFO: [ app_init ] --START--
INFO: Run Behavior\BuildLiteBehavior [ RunTime:0.000009s ]
INFO: [ app_init ] --END-- [ RunTime:0.000205s ]
INFO: [ app_begin ] --START--
INFO: Run Behavior\ReadHtmlCacheBehavior [ RunTime:0.000242s ]
INFO: [ app_begin ] --END-- [ RunTime:0.000269s ]
INFO: [ app_end ] --START--
INFO: Run Behavior\ShowPageTraceBehavior [ RunTime:0.000244s ]
INFO: [ app_end ] --END-- [ RunTime:0.000275s ]

[ 2017-11-07T10:27:54+08:00 ] 119.136.183.70 /index.php/Home/User/captcha/rand/0.14798907134014372
INFO: [ app_init ] --START--
INFO: Run Behavior\BuildLiteBehavior [ RunTime:0.000009s ]
INFO: [ app_init ] --END-- [ RunTime:0.000208s ]
INFO: [ app_begin ] --START--
INFO: Run Behavior\ReadHtmlCacheBehavior [ RunTime:0.000248s ]
INFO: [ app_begin ] --END-- [ RunTime:0.000278s ]
INFO: [ app_end ] --START--
INFO: Run Behavior\ShowPageTraceBehavior [ RunTime:0.000300s ]
INFO: [ app_end ] --END-- [ RunTime:0.000335s ]

[ 2017-11-07T10:28:01+08:00 ] 119.136.183.70 /index.php/Home/User/check?code=RGSL
INFO: [ app_init ] --START--
INFO: Run Behavior\BuildLiteBehavior [ RunTime:0.000009s ]
INFO: [ app_init ] --END-- [ RunTime:0.000189s ]
INFO: [ app_begin ] --START--
INFO: Run Behavior\ReadHtmlCacheBehavior [ RunTime:0.000252s ]
INFO: [ app_begin ] --END-- [ RunTime:0.000292s ]
INFO: [ app_end ] --START--
INFO: Run Behavior\ShowPageTraceBehavior [ RunTime:0.000265s ]
INFO: [ app_end ] --END-- [ RunTime:0.000295s ]

[ 2017-11-07T10:28:02+08:00 ] 119.136.183.70 /index.php/Home/User/check?code=RGSL
INFO: [ app_init ] --START--
INFO: Run Behavior\BuildLiteBehavior [ RunTime:0.000009s ]
INFO: [ app_init ] --END-- [ RunTime:0.000188s ]
INFO: [ app_begin ] --START--
INFO: Run Behavior\ReadHtmlCacheBehavior [ RunTime:0.000253s ]
INFO: [ app_begin ] --END-- [ RunTime:0.000281s ]
INFO: [ app_end ] --START--
INFO: Run Behavior\ShowPageTraceBehavior [ RunTime:0.000259s ]
INFO: [ app_end ] --END-- [ RunTime:0.000289s ]

[ 2017-11-07T10:28:02+08:00 ] 119.136.183.70 /index.php/Home/User/login.html
INFO: [ app_init ] --START--
INFO: Run Behavior\BuildLiteBehavior [ RunTime:0.000009s ]
INFO: [ app_init ] --END-- [ RunTime:0.000182s ]
INFO: [ app_begin ] --START--
INFO: Run Behavior\ReadHtmlCacheBehavior [ RunTime:0.000249s ]
INFO: [ app_begin ] --END-- [ RunTime:0.000281s ]
SQL: SHOW COLUMNS FROM `sp_user` [ RunTime:0.0006s ]
SQL: SELECT `user_id`,`user_name` FROM `sp_user` WHERE ( user_name='admin' && user_pwd='3fd154847be1f3d4a03b35d6a3a36ed0ee6fb0b2' ) LIMIT 1   [ RunTime:0.0002s ]
INFO: [ view_parse ] --START--
INFO: [ template_filter ] --START--
INFO: Run Behavior\ContentReplaceBehavior [ RunTime:0.000038s ]
INFO: [ template_filter ] --END-- [ RunTime:0.000071s ]
INFO: Run Behavior\ParseTemplateBehavior [ RunTime:0.002873s ]
INFO: [ view_parse ] --END-- [ RunTime:0.002904s ]
INFO: [ view_filter ] --START--
INFO: Run Behavior\WriteHtmlCacheBehavior [ RunTime:0.000073s ]
INFO: [ view_filter ] --END-- [ RunTime:0.000092s ]
INFO: [ app_end ] --START--
INFO: Run Behavior\ShowPageTraceBehavior [ RunTime:0.000263s ]
INFO: [ app_end ] --END-- [ RunTime:0.000289s ]

[ 2017-11-07T10:28:03+08:00 ] 119.136.183.70 /
INFO: [ app_init ] --START--
INFO: Run Behavior\BuildLiteBehavior [ RunTime:0.000009s ]
INFO: [ app_init ] --END-- [ RunTime:0.000193s ]
INFO: [ app_begin ] --START--
INFO: Run Behavior\ReadHtmlCacheBehavior [ RunTime:0.000257s ]
INFO: [ app_begin ] --END-- [ RunTime:0.000287s ]
INFO: [ view_parse ] --START--
INFO: [ template_filter ] --START--
INFO: Run Behavior\ContentReplaceBehavior [ RunTime:0.000118s ]
INFO: [ template_filter ] --END-- [ RunTime:0.000149s ]
INFO: Run Behavior\ParseTemplateBehavior [ RunTime:0.012249s ]
INFO: [ view_parse ] --END-- [ RunTime:0.012279s ]
INFO: [ view_filter ] --START--
INFO: Run Behavior\WriteHtmlCacheBehavior [ RunTime:0.000077s ]
INFO: [ view_filter ] --END-- [ RunTime:0.000098s ]
INFO: [ app_end ] --START--
INFO: Run Behavior\ShowPageTraceBehavior [ RunTime:0.000261s ]
INFO: [ app_end ] --END-- [ RunTime:0.000289s ]

[ 2017-11-07T10:28:04+08:00 ] 101.226.33.206 /index.php/Home/User/captcha/rand/0.14798907134014372
INFO: [ app_init ] --START--
INFO: Run Behavior\BuildLiteBehavior [ RunTime:0.000010s ]
INFO: [ app_init ] --END-- [ RunTime:0.000212s ]
INFO: [ app_begin ] --START--
INFO: Run Behavior\ReadHtmlCacheBehavior [ RunTime:0.000246s ]
INFO: [ app_begin ] --END-- [ RunTime:0.000277s ]
INFO: [ app_end ] --START--
INFO: Run Behavior\ShowPageTraceBehavior [ RunTime:0.000282s ]
INFO: [ app_end ] --END-- [ RunTime:0.000317s ]

[ 2017-11-07T10:29:32+08:00 ] 119.136.183.70 /
INFO: [ app_init ] --START--
INFO: Run Behavior\BuildLiteBehavior [ RunTime:0.000009s ]
INFO: [ app_init ] --END-- [ RunTime:0.000190s ]
INFO: [ app_begin ] --START--
INFO: Run Behavior\ReadHtmlCacheBehavior [ RunTime:0.000258s ]
INFO: [ app_begin ] --END-- [ RunTime:0.000288s ]
INFO: [ view_parse ] --START--
INFO: [ template_filter ] --START--
INFO: Run Behavior\ContentReplaceBehavior [ RunTime:0.000113s ]
INFO: [ template_filter ] --END-- [ RunTime:0.000145s ]
NOTIC: [8] Undefined index: uid /webdata/Application/Runtime/Cache/Home/2a94b8bda04ff446dcedd42276fc99ee.php 第 38 行.
INFO: Run Behavior\ParseTemplateBehavior [ RunTime:0.012677s ]
INFO: [ view_parse ] --END-- [ RunTime:0.012704s ]
INFO: [ view_filter ] --START--
INFO: Run Behavior\WriteHtmlCacheBehavior [ RunTime:0.000080s ]
INFO: [ view_filter ] --END-- [ RunTime:0.000101s ]
INFO: [ app_end ] --START--
INFO: Run Behavior\ShowPageTraceBehavior [ RunTime:0.000244s ]
INFO: [ app_end ] --END-- [ RunTime:0.000271s ]

[ 2017-11-07T10:29:46+08:00 ] 119.136.183.70 /index.php/Home/User/register.html
INFO: [ app_init ] --START--
INFO: Run Behavior\BuildLiteBehavior [ RunTime:0.000010s ]
INFO: [ app_init ] --END-- [ RunTime:0.000202s ]
INFO: [ app_begin ] --START--
INFO: Run Behavior\ReadHtmlCacheBehavior [ RunTime:0.000241s ]
INFO: [ app_begin ] --END-- [ RunTime:0.000270s ]
INFO: [ view_parse ] --START--
INFO: [ template_filter ] --START--
INFO: Run Behavior\ContentReplaceBehavior [ RunTime:0.000043s ]
INFO: [ template_filter ] --END-- [ RunTime:0.000071s ]
NOTIC: [8] Undefined index: uid /webdata/Application/Runtime/Cache/Home/3359adbadf95118621a5c500fb3ff893.php 第 25 行.
INFO: Run Behavior\ParseTemplateBehavior [ RunTime:0.003982s ]
INFO: [ view_parse ] --END-- [ RunTime:0.004009s ]
INFO: [ view_filter ] --START--
INFO: Run Behavior\WriteHtmlCacheBehavior [ RunTime:0.000080s ]
INFO: [ view_filter ] --END-- [ RunTime:0.000101s ]
INFO: [ app_end ] --START--
INFO: Run Behavior\ShowPageTraceBehavior [ RunTime:0.000266s ]
INFO: [ app_end ] --END-- [ RunTime:0.000291s ]

[ 2017-11-07T10:29:46+08:00 ] 119.136.183.70 /index.php/Home/User/captcha
INFO: [ app_init ] --START--
INFO: Run Behavior\BuildLiteBehavior [ RunTime:0.000011s ]
INFO: [ app_init ] --END-- [ RunTime:0.000214s ]
INFO: [ app_begin ] --START--
INFO: Run Behavior\ReadHtmlCacheBehavior [ RunTime:0.000298s ]
INFO: [ app_begin ] --END-- [ RunTime:0.000332s ]
INFO: [ app_end ] --START--
INFO: Run Behavior\ShowPageTraceBehavior [ RunTime:0.000317s ]
INFO: [ app_end ] --END-- [ RunTime:0.000356s ]

[ 2017-11-07T10:29:56+08:00 ] 119.136.183.70 /index.php/Home/User/index.html
INFO: [ app_init ] --START--
INFO: Run Behavior\BuildLiteBehavior [ RunTime:0.000008s ]
INFO: [ app_init ] --END-- [ RunTime:0.000194s ]
INFO: [ app_begin ] --START--
INFO: Run Behavior\ReadHtmlCacheBehavior [ RunTime:0.000245s ]
INFO: [ app_begin ] --END-- [ RunTime:0.000276s ]
INFO: [ app_end ] --START--
INFO: Run Behavior\ShowPageTraceBehavior [ RunTime:0.000277s ]
INFO: [ app_end ] --END-- [ RunTime:0.000308s ]

[ 2017-11-07T10:29:58+08:00 ] 61.151.178.169 /index.php/Home/User/register.html
INFO: [ app_init ] --START--
INFO: Run Behavior\BuildLiteBehavior [ RunTime:0.000009s ]
INFO: [ app_init ] --END-- [ RunTime:0.000190s ]
INFO: [ app_begin ] --START--
INFO: Run Behavior\ReadHtmlCacheBehavior [ RunTime:0.000250s ]
INFO: [ app_begin ] --END-- [ RunTime:0.000279s ]
INFO: [ view_parse ] --START--
INFO: [ template_filter ] --START--
INFO: Run Behavior\ContentReplaceBehavior [ RunTime:0.000041s ]
INFO: [ template_filter ] --END-- [ RunTime:0.000069s ]
NOTIC: [8] Undefined index: uid /webdata/Application/Runtime/Cache/Home/3359adbadf95118621a5c500fb3ff893.php 第 25 行.
INFO: Run Behavior\ParseTemplateBehavior [ RunTime:0.003963s ]
INFO: [ view_parse ] --END-- [ RunTime:0.003988s ]
INFO: [ view_filter ] --START--
INFO: Run Behavior\WriteHtmlCacheBehavior [ RunTime:0.000076s ]
INFO: [ view_filter ] --END-- [ RunTime:0.000095s ]
INFO: [ app_end ] --START--
INFO: Run Behavior\ShowPageTraceBehavior [ RunTime:0.000240s ]
INFO: [ app_end ] --END-- [ RunTime:0.000266s ]

[ 2017-11-07T10:39:01+08:00 ] 101.226.89.116 /
INFO: [ app_init ] --START--
INFO: Run Behavior\BuildLiteBehavior [ RunTime:0.000009s ]
INFO: [ app_init ] --END-- [ RunTime:0.000191s ]
INFO: [ app_begin ] --START--
INFO: Run Behavior\ReadHtmlCacheBehavior [ RunTime:0.000256s ]
INFO: [ app_begin ] --END-- [ RunTime:0.000285s ]
INFO: [ view_parse ] --START--
INFO: [ template_filter ] --START--
INFO: Run Behavior\ContentReplaceBehavior [ RunTime:0.000110s ]
INFO: [ template_filter ] --END-- [ RunTime:0.000139s ]
NOTIC: [8] Undefined index: uid /webdata/Application/Runtime/Cache/Home/2a94b8bda04ff446dcedd42276fc99ee.php 第 38 行.
INFO: Run Behavior\ParseTemplateBehavior [ RunTime:0.012330s ]
INFO: [ view_parse ] --END-- [ RunTime:0.012357s ]
INFO: [ view_filter ] --START--
INFO: Run Behavior\WriteHtmlCacheBehavior [ RunTime:0.000078s ]
INFO: [ view_filter ] --END-- [ RunTime:0.000098s ]
INFO: [ app_end ] --START--
INFO: Run Behavior\ShowPageTraceBehavior [ RunTime:0.000258s ]
INFO: [ app_end ] --END-- [ RunTime:0.000284s ]

[ 2017-11-07T10:40:51+08:00 ] 101.226.66.173 /index.php/Home/User/check?code=RGSL
INFO: [ app_init ] --START--
INFO: Run Behavior\BuildLiteBehavior [ RunTime:0.000010s ]
INFO: [ app_init ] --END-- [ RunTime:0.000234s ]
INFO: [ app_begin ] --START--
INFO: Run Behavior\ReadHtmlCacheBehavior [ RunTime:0.000267s ]
INFO: [ app_begin ] --END-- [ RunTime:0.000300s ]
INFO: [ app_end ] --START--
INFO: Run Behavior\ShowPageTraceBehavior [ RunTime:0.000312s ]
INFO: [ app_end ] --END-- [ RunTime:0.000349s ]

[ 2017-11-07T10:43:14+08:00 ] 140.205.201.31 /
INFO: [ app_init ] --START--
INFO: Run Behavior\BuildLiteBehavior [ RunTime:0.000010s ]
INFO: [ app_init ] --END-- [ RunTime:0.000206s ]
INFO: [ app_begin ] --START--
INFO: Run Behavior\ReadHtmlCacheBehavior [ RunTime:0.000279s ]
INFO: [ app_begin ] --END-- [ RunTime:0.000315s ]
INFO: [ view_parse ] --START--
INFO: [ template_filter ] --START--
INFO: Run Behavior\ContentReplaceBehavior [ RunTime:0.000130s ]
INFO: [ template_filter ] --END-- [ RunTime:0.000187s ]
NOTIC: [8] Undefined index: uid /webdata/Application/Runtime/Cache/Home/2a94b8bda04ff446dcedd42276fc99ee.php 第 38 行.
INFO: Run Behavior\ParseTemplateBehavior [ RunTime:0.013175s ]
INFO: [ view_parse ] --END-- [ RunTime:0.013205s ]
INFO: [ view_filter ] --START--
INFO: Run Behavior\WriteHtmlCacheBehavior [ RunTime:0.000082s ]
INFO: [ view_filter ] --END-- [ RunTime:0.000103s ]
INFO: [ app_end ] --START--
INFO: Run Behavior\ShowPageTraceBehavior [ RunTime:0.000372s ]
INFO: [ app_end ] --END-- [ RunTime:0.000402s ]

[ 2017-11-07T10:43:51+08:00 ] 140.205.201.31 /
INFO: [ app_init ] --START--
INFO: Run Behavior\BuildLiteBehavior [ RunTime:0.000009s ]
INFO: [ app_init ] --END-- [ RunTime:0.000190s ]
INFO: [ app_begin ] --START--
INFO: Run Behavior\ReadHtmlCacheBehavior [ RunTime:0.000250s ]
INFO: [ app_begin ] --END-- [ RunTime:0.000281s ]
INFO: [ view_parse ] --START--
INFO: [ template_filter ] --START--
INFO: Run Behavior\ContentReplaceBehavior [ RunTime:0.000112s ]
INFO: [ template_filter ] --END-- [ RunTime:0.000143s ]
NOTIC: [8] Undefined index: uid /webdata/Application/Runtime/Cache/Home/2a94b8bda04ff446dcedd42276fc99ee.php 第 38 行.
INFO: Run Behavior\ParseTemplateBehavior [ RunTime:0.012357s ]
INFO: [ view_parse ] --END-- [ RunTime:0.012382s ]
INFO: [ view_filter ] --START--
INFO: Run Behavior\WriteHtmlCacheBehavior [ RunTime:0.000093s ]
INFO: [ view_filter ] --END-- [ RunTime:0.000113s ]
INFO: [ app_end ] --START--
INFO: Run Behavior\ShowPageTraceBehavior [ RunTime:0.000246s ]
INFO: [ app_end ] --END-- [ RunTime:0.000273s ]

[ 2017-11-07T10:43:59+08:00 ] 140.205.201.31 /
INFO: [ app_init ] --START--
INFO: Run Behavior\BuildLiteBehavior [ RunTime:0.000010s ]
INFO: [ app_init ] --END-- [ RunTime:0.000209s ]
INFO: [ app_begin ] --START--
INFO: Run Behavior\ReadHtmlCacheBehavior [ RunTime:0.000287s ]
INFO: [ app_begin ] --END-- [ RunTime:0.000321s ]
INFO: [ view_parse ] --START--
INFO: [ template_filter ] --START--
INFO: Run Behavior\ContentReplaceBehavior [ RunTime:0.000118s ]
INFO: [ template_filter ] --END-- [ RunTime:0.000148s ]
NOTIC: [8] Undefined index: uid /webdata/Application/Runtime/Cache/Home/2a94b8bda04ff446dcedd42276fc99ee.php 第 38 行.
INFO: Run Behavior\ParseTemplateBehavior [ RunTime:0.012539s ]
INFO: [ view_parse ] --END-- [ RunTime:0.012566s ]
INFO: [ view_filter ] --START--
INFO: Run Behavior\WriteHtmlCacheBehavior [ RunTime:0.000089s ]
INFO: [ view_filter ] --END-- [ RunTime:0.000110s ]
INFO: [ app_end ] --START--
INFO: Run Behavior\ShowPageTraceBehavior [ RunTime:0.000249s ]
INFO: [ app_end ] --END-- [ RunTime:0.000277s ]

[ 2017-11-07T10:58:18+08:00 ] 140.205.201.31 /
INFO: [ app_init ] --START--
INFO: Run Behavior\BuildLiteBehavior [ RunTime:0.000010s ]
INFO: [ app_init ] --END-- [ RunTime:0.000191s ]
INFO: [ app_begin ] --START--
INFO: Run Behavior\ReadHtmlCacheBehavior [ RunTime:0.000239s ]
INFO: [ app_begin ] --END-- [ RunTime:0.000281s ]
INFO: [ view_parse ] --START--
INFO: [ template_filter ] --START--
INFO: Run Behavior\ContentReplaceBehavior [ RunTime:0.000117s ]
INFO: [ template_filter ] --END-- [ RunTime:0.000148s ]
NOTIC: [8] Undefined index: uid /webdata/Application/Runtime/Cache/Home/2a94b8bda04ff446dcedd42276fc99ee.php 第 38 行.
INFO: Run Behavior\ParseTemplateBehavior [ RunTime:0.012320s ]
INFO: [ view_parse ] --END-- [ RunTime:0.012346s ]
INFO: [ view_filter ] --START--
INFO: Run Behavior\WriteHtmlCacheBehavior [ RunTime:0.000086s ]
INFO: [ view_filter ] --END-- [ RunTime:0.000107s ]
INFO: [ app_end ] --START--
INFO: Run Behavior\ShowPageTraceBehavior [ RunTime:0.000269s ]
INFO: [ app_end ] --END-- [ RunTime:0.000295s ]

[ 2017-11-07T11:00:58+08:00 ] 140.205.201.31 /index.php
INFO: [ app_init ] --START--
INFO: Run Behavior\BuildLiteBehavior [ RunTime:0.000010s ]
INFO: [ app_init ] --END-- [ RunTime:0.000194s ]
INFO: [ app_begin ] --START--
INFO: Run Behavior\ReadHtmlCacheBehavior [ RunTime:0.000261s ]
INFO: [ app_begin ] --END-- [ RunTime:0.000291s ]
INFO: [ view_parse ] --START--
INFO: [ template_filter ] --START--
INFO: Run Behavior\ContentReplaceBehavior [ RunTime:0.000110s ]
INFO: [ template_filter ] --END-- [ RunTime:0.000142s ]
NOTIC: [8] Undefined index: uid /webdata/Application/Runtime/Cache/Home/2a94b8bda04ff446dcedd42276fc99ee.php 第 38 行.
INFO: Run Behavior\ParseTemplateBehavior [ RunTime:0.012383s ]
INFO: [ view_parse ] --END-- [ RunTime:0.012411s ]
INFO: [ view_filter ] --START--
INFO: Run Behavior\WriteHtmlCacheBehavior [ RunTime:0.000098s ]
INFO: [ view_filter ] --END-- [ RunTime:0.000120s ]
INFO: [ app_end ] --START--
INFO: Run Behavior\ShowPageTraceBehavior [ RunTime:0.000248s ]
INFO: [ app_end ] --END-- [ RunTime:0.000275s ]

[ 2017-11-07T11:01:01+08:00 ] 140.205.201.31 /
INFO: [ app_init ] --START--
INFO: Run Behavior\BuildLiteBehavior [ RunTime:0.000010s ]
INFO: [ app_init ] --END-- [ RunTime:0.000212s ]
INFO: [ app_begin ] --START--
INFO: Run Behavior\ReadHtmlCacheBehavior [ RunTime:0.000290s ]
INFO: [ app_begin ] --END-- [ RunTime:0.000323s ]
INFO: [ view_parse ] --START--
INFO: [ template_filter ] --START--
INFO: Run Behavior\ContentReplaceBehavior [ RunTime:0.000109s ]
INFO: [ template_filter ] --END-- [ RunTime:0.000140s ]
NOTIC: [8] Undefined index: uid /webdata/Application/Runtime/Cache/Home/2a94b8bda04ff446dcedd42276fc99ee.php 第 38 行.
INFO: Run Behavior\ParseTemplateBehavior [ RunTime:0.012750s ]
INFO: [ view_parse ] --END-- [ RunTime:0.012778s ]
INFO: [ view_filter ] --START--
INFO: Run Behavior\WriteHtmlCacheBehavior [ RunTime:0.000077s ]
INFO: [ view_filter ] --END-- [ RunTime:0.000098s ]
INFO: [ app_end ] --START--
INFO: Run Behavior\ShowPageTraceBehavior [ RunTime:0.000252s ]
INFO: [ app_end ] --END-- [ RunTime:0.000279s ]

[ 2017-11-07T11:11:45+08:00 ] 112.97.57.26 /
INFO: [ app_init ] --START--
INFO: Run Behavior\BuildLiteBehavior [ RunTime:0.000009s ]
INFO: [ app_init ] --END-- [ RunTime:0.000193s ]
INFO: [ app_begin ] --START--
INFO: Run Behavior\ReadHtmlCacheBehavior [ RunTime:0.000241s ]
INFO: [ app_begin ] --END-- [ RunTime:0.000270s ]
INFO: [ view_parse ] --START--
INFO: [ template_filter ] --START--
INFO: Run Behavior\ContentReplaceBehavior [ RunTime:0.000113s ]
INFO: [ template_filter ] --END-- [ RunTime:0.000144s ]
NOTIC: [8] Undefined index: uid /webdata/Application/Runtime/Cache/Home/2a94b8bda04ff446dcedd42276fc99ee.php 第 38 行.
INFO: Run Behavior\ParseTemplateBehavior [ RunTime:0.012330s ]
INFO: [ view_parse ] --END-- [ RunTime:0.012356s ]
INFO: [ view_filter ] --START--
INFO: Run Behavior\WriteHtmlCacheBehavior [ RunTime:0.000080s ]
INFO: [ view_filter ] --END-- [ RunTime:0.000102s ]
INFO: [ app_end ] --START--
INFO: Run Behavior\ShowPageTraceBehavior [ RunTime:0.000248s ]
INFO: [ app_end ] --END-- [ RunTime:0.000275s ]

[ 2017-11-07T11:14:54+08:00 ] 140.205.201.31 /
INFO: [ app_init ] --START--
INFO: Run Behavior\BuildLiteBehavior [ RunTime:0.000010s ]
INFO: [ app_init ] --END-- [ RunTime:0.000212s ]
INFO: [ app_begin ] --START--
INFO: Run Behavior\ReadHtmlCacheBehavior [ RunTime:0.000279s ]
INFO: [ app_begin ] --END-- [ RunTime:0.000311s ]
INFO: [ view_parse ] --START--
INFO: [ template_filter ] --START--
INFO: Run Behavior\ContentReplaceBehavior [ RunTime:0.000106s ]
INFO: [ template_filter ] --END-- [ RunTime:0.000137s ]
NOTIC: [8] Undefined index: uid /webdata/Application/Runtime/Cache/Home/2a94b8bda04ff446dcedd42276fc99ee.php 第 38 行.
INFO: Run Behavior\ParseTemplateBehavior [ RunTime:0.012648s ]
INFO: [ view_parse ] --END-- [ RunTime:0.012676s ]
INFO: [ view_filter ] --START--
INFO: Run Behavior\WriteHtmlCacheBehavior [ RunTime:0.000079s ]
INFO: [ view_filter ] --END-- [ RunTime:0.000099s ]
INFO: [ app_end ] --START--
INFO: Run Behavior\ShowPageTraceBehavior [ RunTime:0.000239s ]
INFO: [ app_end ] --END-- [ RunTime:0.000266s ]

