[ 2017-11-10T00:01:38+08:00 ] 120.230.76.135 /favicon.ico
INFO: [ app_init ] --START--
INFO: Run Behavior\BuildLiteBehavior [ RunTime:0.000009s ]
INFO: [ app_init ] --END-- [ RunTime:0.000209s ]
ERR: 无法加载模块:Favicon

[ 2017-11-10T00:04:29+08:00 ] 120.230.76.135 /favicon.ico
INFO: [ app_init ] --START--
INFO: Run Behavior\BuildLiteBehavior [ RunTime:0.000008s ]
INFO: [ app_init ] --END-- [ RunTime:0.000187s ]
ERR: 无法加载模块:Favicon

[ 2017-11-10T00:04:29+08:00 ] 120.230.76.135 /favicon.ico
INFO: [ app_init ] --START--
INFO: Run Behavior\BuildLiteBehavior [ RunTime:0.000010s ]
INFO: [ app_init ] --END-- [ RunTime:0.000187s ]
ERR: 无法加载模块:Favicon

[ 2017-11-10T00:04:51+08:00 ] 120.230.76.135 /favicon.ico
INFO: [ app_init ] --START--
INFO: Run Behavior\BuildLiteBehavior [ RunTime:0.000009s ]
INFO: [ app_init ] --END-- [ RunTime:0.000207s ]
ERR: 无法加载模块:Favicon

[ 2017-11-10T00:04:52+08:00 ] 120.230.76.135 /favicon.ico
INFO: [ app_init ] --START--
INFO: Run Behavior\BuildLiteBehavior [ RunTime:0.000009s ]
INFO: [ app_init ] --END-- [ RunTime:0.000210s ]
ERR: 无法加载模块:Favicon

[ 2017-11-10T00:04:53+08:00 ] 120.230.76.135 /favicon.ico
INFO: [ app_init ] --START--
INFO: Run Behavior\BuildLiteBehavior [ RunTime:0.000010s ]
INFO: [ app_init ] --END-- [ RunTime:0.000188s ]
ERR: 无法加载模块:Favicon

[ 2017-11-10T00:04:55+08:00 ] 120.230.76.135 /favicon.ico
INFO: [ app_init ] --START--
INFO: Run Behavior\BuildLiteBehavior [ RunTime:0.000010s ]
INFO: [ app_init ] --END-- [ RunTime:0.000213s ]
ERR: 无法加载模块:Favicon

[ 2017-11-10T00:04:57+08:00 ] 120.230.76.135 /favicon.ico
INFO: [ app_init ] --START--
INFO: Run Behavior\BuildLiteBehavior [ RunTime:0.000010s ]
INFO: [ app_init ] --END-- [ RunTime:0.000205s ]
ERR: 无法加载模块:Favicon

[ 2017-11-10T00:04:59+08:00 ] 120.230.76.135 /favicon.ico
INFO: [ app_init ] --START--
INFO: Run Behavior\BuildLiteBehavior [ RunTime:0.000010s ]
INFO: [ app_init ] --END-- [ RunTime:0.000215s ]
ERR: 无法加载模块:Favicon

[ 2017-11-10T00:05:11+08:00 ] 120.230.76.135 /favicon.ico
INFO: [ app_init ] --START--
INFO: Run Behavior\BuildLiteBehavior [ RunTime:0.000010s ]
INFO: [ app_init ] --END-- [ RunTime:0.000195s ]
ERR: 无法加载模块:Favicon

[ 2017-11-10T00:05:12+08:00 ] 120.230.76.135 /favicon.ico
INFO: [ app_init ] --START--
INFO: Run Behavior\BuildLiteBehavior [ RunTime:0.000010s ]
INFO: [ app_init ] --END-- [ RunTime:0.000206s ]
ERR: 无法加载模块:Favicon

[ 2017-11-10T00:05:14+08:00 ] 120.230.76.135 /favicon.ico
INFO: [ app_init ] --START--
INFO: Run Behavior\BuildLiteBehavior [ RunTime:0.000010s ]
INFO: [ app_init ] --END-- [ RunTime:0.000211s ]
ERR: 无法加载模块:Favicon

[ 2017-11-10T00:05:51+08:00 ] 120.230.76.135 /favicon.ico
INFO: [ app_init ] --START--
INFO: Run Behavior\BuildLiteBehavior [ RunTime:0.000011s ]
INFO: [ app_init ] --END-- [ RunTime:0.000200s ]
ERR: 无法加载模块:Favicon

[ 2017-11-10T00:05:52+08:00 ] 120.230.76.135 /favicon.ico
INFO: [ app_init ] --START--
INFO: Run Behavior\BuildLiteBehavior [ RunTime:0.000009s ]
INFO: [ app_init ] --END-- [ RunTime:0.000195s ]
ERR: 无法加载模块:Favicon

[ 2017-11-10T00:05:54+08:00 ] 120.230.76.135 /favicon.ico
INFO: [ app_init ] --START--
INFO: Run Behavior\BuildLiteBehavior [ RunTime:0.000010s ]
INFO: [ app_init ] --END-- [ RunTime:0.000255s ]
ERR: 无法加载模块:Favicon

[ 2017-11-10T00:05:55+08:00 ] 120.230.76.135 /favicon.ico
INFO: [ app_init ] --START--
INFO: Run Behavior\BuildLiteBehavior [ RunTime:0.000026s ]
INFO: [ app_init ] --END-- [ RunTime:0.000236s ]
ERR: 无法加载模块:Favicon

[ 2017-11-10T00:05:55+08:00 ] 120.230.76.135 /favicon.ico
INFO: [ app_init ] --START--
INFO: Run Behavior\BuildLiteBehavior [ RunTime:0.000011s ]
INFO: [ app_init ] --END-- [ RunTime:0.000214s ]
ERR: 无法加载模块:Favicon

[ 2017-11-10T00:05:57+08:00 ] 120.230.76.135 /favicon.ico
INFO: [ app_init ] --START--
INFO: Run Behavior\BuildLiteBehavior [ RunTime:0.000010s ]
INFO: [ app_init ] --END-- [ RunTime:0.000191s ]
ERR: 无法加载模块:Favicon

[ 2017-11-10T00:05:58+08:00 ] 120.230.76.135 /favicon.ico
INFO: [ app_init ] --START--
INFO: Run Behavior\BuildLiteBehavior [ RunTime:0.000010s ]
INFO: [ app_init ] --END-- [ RunTime:0.000231s ]
ERR: 无法加载模块:Favicon

[ 2017-11-10T00:10:00+08:00 ] 120.230.76.135 /favicon.ico
INFO: [ app_init ] --START--
INFO: Run Behavior\BuildLiteBehavior [ RunTime:0.000009s ]
INFO: [ app_init ] --END-- [ RunTime:0.000200s ]
ERR: 无法加载模块:Favicon

[ 2017-11-10T00:10:00+08:00 ] 120.230.76.135 /favicon.ico
INFO: [ app_init ] --START--
INFO: Run Behavior\BuildLiteBehavior [ RunTime:0.000009s ]
INFO: [ app_init ] --END-- [ RunTime:0.000190s ]
ERR: 无法加载模块:Favicon

[ 2017-11-10T00:24:33+08:00 ] 120.230.76.135 /favicon.ico
INFO: [ app_init ] --START--
INFO: Run Behavior\BuildLiteBehavior [ RunTime:0.000009s ]
INFO: [ app_init ] --END-- [ RunTime:0.000199s ]
ERR: 无法加载模块:Favicon

[ 2017-11-10T00:24:33+08:00 ] 120.230.76.135 /favicon.ico
INFO: [ app_init ] --START--
INFO: Run Behavior\BuildLiteBehavior [ RunTime:0.000010s ]
INFO: [ app_init ] --END-- [ RunTime:0.000212s ]
ERR: 无法加载模块:Favicon

[ 2017-11-10T02:10:47+08:00 ] 80.82.78.50 http://www.baidu.com/cache/global/img/gs.gif
INFO: [ app_init ] --START--
INFO: Run Behavior\BuildLiteBehavior [ RunTime:0.000009s ]
INFO: [ app_init ] --END-- [ RunTime:0.000197s ]
ERR: 无法加载模块:Cache

[ 2017-11-10T03:12:52+08:00 ] 120.132.3.151 http://www.qq.com/404/search_children.js
INFO: [ app_init ] --START--
INFO: Run Behavior\BuildLiteBehavior [ RunTime:0.000019s ]
INFO: [ app_init ] --END-- [ RunTime:0.000201s ]
ERR: 无法加载模块:404

[ 2017-11-10T11:35:17+08:00 ] 183.129.160.229 /ws_utc
INFO: [ app_init ] --START--
INFO: Run Behavior\BuildLiteBehavior [ RunTime:0.000009s ]
INFO: [ app_init ] --END-- [ RunTime:0.000194s ]
ERR: 无法加载模块:Ws_utc

[ 2017-11-10T12:16:01+08:00 ] 94.102.49.174 http://www.baidu.com/cache/global/img/gs.gif
INFO: [ app_init ] --START--
INFO: Run Behavior\BuildLiteBehavior [ RunTime:0.000011s ]
INFO: [ app_init ] --END-- [ RunTime:0.000224s ]
ERR: 无法加载模块:Cache

[ 2017-11-10T14:09:51+08:00 ] 92.243.95.183 /manager/
INFO: [ app_init ] --START--
INFO: Run Behavior\BuildLiteBehavior [ RunTime:0.000009s ]
INFO: [ app_init ] --END-- [ RunTime:0.000211s ]
ERR: 无法加载模块:Manager

[ 2017-11-10T14:09:57+08:00 ] 92.243.95.183 /simpla/
INFO: [ app_init ] --START--
INFO: Run Behavior\BuildLiteBehavior [ RunTime:0.000010s ]
INFO: [ app_init ] --END-- [ RunTime:0.000227s ]
ERR: 无法加载模块:Simpla

[ 2017-11-10T14:09:58+08:00 ] 92.243.95.183 /js/mage/cookies.js
INFO: [ app_init ] --START--
INFO: Run Behavior\BuildLiteBehavior [ RunTime:0.000010s ]
INFO: [ app_init ] --END-- [ RunTime:0.000196s ]
ERR: 无法加载模块:Js

[ 2017-11-10T19:54:23+08:00 ] 139.162.88.63 http://clientapi.ipip.net/echo.php?info=1234567890
INFO: [ app_init ] --START--
INFO: Run Behavior\BuildLiteBehavior [ RunTime:0.000010s ]
INFO: [ app_init ] --END-- [ RunTime:0.000212s ]
ERR: 无法加载模块:Echo

