[ 2017-11-07T01:55:15+08:00 ] 94.102.49.174 http://www.baidu.com/cache/global/img/gs.gif
INFO: [ app_init ] --START--
INFO: Run Behavior\BuildLiteBehavior [ RunTime:0.000010s ]
INFO: [ app_init ] --END-- [ RunTime:0.000194s ]
ERR: 无法加载模块:Cache

[ 2017-11-07T03:12:58+08:00 ] 120.132.3.151 http://www.qq.com/404/search_children.js
INFO: [ app_init ] --START--
INFO: Run Behavior\BuildLiteBehavior [ RunTime:0.000010s ]
INFO: [ app_init ] --END-- [ RunTime:0.000220s ]
ERR: 无法加载模块:404

[ 2017-11-07T06:01:24+08:00 ] 80.82.78.50 http://www.baidu.com/cache/global/img/gs.gif
INFO: [ app_init ] --START--
INFO: Run Behavior\BuildLiteBehavior [ RunTime:0.000010s ]
INFO: [ app_init ] --END-- [ RunTime:0.000202s ]
ERR: 无法加载模块:Cache

[ 2017-11-07T09:34:15+08:00 ] 120.127.233.233 /cgi-bin-sdb/printenv
INFO: [ app_init ] --START--
INFO: Run Behavior\BuildLiteBehavior [ RunTime:0.000010s ]
INFO: [ app_init ] --END-- [ RunTime:0.000190s ]
ERR: 无法加载模块:Cgi-bin-sdb

[ 2017-11-07T09:34:16+08:00 ] 120.127.233.233 /cgi-sys/entropysearch.cgi
INFO: [ app_init ] --START--
INFO: Run Behavior\BuildLiteBehavior [ RunTime:0.000009s ]
INFO: [ app_init ] --END-- [ RunTime:0.000192s ]
ERR: 无法加载模块:Cgi-sys

[ 2017-11-07T09:34:17+08:00 ] 120.127.233.233 /cgi-sys/redirect.cgi
INFO: [ app_init ] --START--
INFO: Run Behavior\BuildLiteBehavior [ RunTime:0.000010s ]
INFO: [ app_init ] --END-- [ RunTime:0.000219s ]
ERR: 无法加载模块:Cgi-sys

[ 2017-11-07T09:34:17+08:00 ] 120.127.233.233 /cgi-sys/suspendedpage.cgi
INFO: [ app_init ] --START--
INFO: Run Behavior\BuildLiteBehavior [ RunTime:0.000010s ]
INFO: [ app_init ] --END-- [ RunTime:0.000195s ]
ERR: 无法加载模块:Cgi-sys

[ 2017-11-07T09:34:18+08:00 ] 120.127.233.233 /cgi-sys/test-cgi
INFO: [ app_init ] --START--
INFO: Run Behavior\BuildLiteBehavior [ RunTime:0.000010s ]
INFO: [ app_init ] --END-- [ RunTime:0.000188s ]
ERR: 无法加载模块:Cgi-sys

[ 2017-11-07T10:26:42+08:00 ] 119.136.183.70 /favicon.ico
INFO: [ app_init ] --START--
INFO: Run Behavior\BuildLiteBehavior [ RunTime:0.000010s ]
INFO: [ app_init ] --END-- [ RunTime:0.000202s ]
ERR: 无法加载模块:Favicon

[ 2017-11-07T10:29:40+08:00 ] 119.136.183.70 /favicon.ico
INFO: [ app_init ] --START--
INFO: Run Behavior\BuildLiteBehavior [ RunTime:0.000009s ]
INFO: [ app_init ] --END-- [ RunTime:0.000203s ]
ERR: 无法加载模块:Favicon

[ 2017-11-07T10:40:26+08:00 ] 140.205.201.31 /typecho/install.php?finish=1
INFO: [ app_init ] --START--
INFO: Run Behavior\BuildLiteBehavior [ RunTime:0.000010s ]
INFO: [ app_init ] --END-- [ RunTime:0.000215s ]
ERR: 无法加载模块:Typecho

[ 2017-11-07T10:42:14+08:00 ] 140.205.201.31 /install.php?finish=1
INFO: [ app_init ] --START--
INFO: Run Behavior\BuildLiteBehavior [ RunTime:0.000009s ]
INFO: [ app_init ] --END-- [ RunTime:0.000211s ]
ERR: 无法加载模块:Install

[ 2017-11-07T10:44:33+08:00 ] 140.205.201.31 /dfshealth.html
INFO: [ app_init ] --START--
INFO: Run Behavior\BuildLiteBehavior [ RunTime:0.000010s ]
INFO: [ app_init ] --END-- [ RunTime:0.000205s ]
ERR: 无法加载模块:Dfshealth

[ 2017-11-07T10:51:58+08:00 ] 140.205.201.31 /aliyun_1510023118.jsp/
INFO: [ app_init ] --START--
INFO: Run Behavior\BuildLiteBehavior [ RunTime:0.000010s ]
INFO: [ app_init ] --END-- [ RunTime:0.000217s ]
ERR: 无法加载模块:Aliyun_1510023118

[ 2017-11-07T10:51:58+08:00 ] 140.205.201.31 /aliyun_1510023118.jsp
INFO: [ app_init ] --START--
INFO: Run Behavior\BuildLiteBehavior [ RunTime:0.000008s ]
INFO: [ app_init ] --END-- [ RunTime:0.000182s ]
ERR: 无法加载模块:Aliyun_1510023118

[ 2017-11-07T10:55:25+08:00 ] 140.205.201.31 /master-status
INFO: [ app_init ] --START--
INFO: Run Behavior\BuildLiteBehavior [ RunTime:0.000010s ]
INFO: [ app_init ] --END-- [ RunTime:0.000192s ]
ERR: 无法加载模块:Master-status

[ 2017-11-07T10:56:27+08:00 ] 140.205.201.31 /showcase/integration/saveGangster.action
INFO: [ app_init ] --START--
INFO: Run Behavior\BuildLiteBehavior [ RunTime:0.000010s ]
INFO: [ app_init ] --END-- [ RunTime:0.000212s ]
ERR: 无法加载模块:Showcase

[ 2017-11-07T10:56:27+08:00 ] 140.205.201.31 /struts2-showcase/integration/saveGangster.action
INFO: [ app_init ] --START--
INFO: Run Behavior\BuildLiteBehavior [ RunTime:0.000008s ]
INFO: [ app_init ] --END-- [ RunTime:0.000180s ]
ERR: 无法加载模块:Struts2-showcase

[ 2017-11-07T10:56:27+08:00 ] 140.205.201.31 /integration/saveGangster.action
INFO: [ app_init ] --START--
INFO: Run Behavior\BuildLiteBehavior [ RunTime:0.000008s ]
INFO: [ app_init ] --END-- [ RunTime:0.000176s ]
ERR: 无法加载模块:Integration

[ 2017-11-07T10:58:16+08:00 ] 140.205.201.31 /rs-status
INFO: [ app_init ] --START--
INFO: Run Behavior\BuildLiteBehavior [ RunTime:0.000010s ]
INFO: [ app_init ] --END-- [ RunTime:0.000203s ]
ERR: 无法加载模块:Rs-status

[ 2017-11-07T10:59:49+08:00 ] 140.205.201.31 /ganglia/index.php
INFO: [ app_init ] --START--
INFO: Run Behavior\BuildLiteBehavior [ RunTime:0.000010s ]
INFO: [ app_init ] --END-- [ RunTime:0.000208s ]
ERR: 无法加载模块:Ganglia

[ 2017-11-07T11:01:01+08:00 ] 140.205.201.31 /wp-json/wp/v2/posts
INFO: [ app_init ] --START--
INFO: Run Behavior\BuildLiteBehavior [ RunTime:0.000009s ]
INFO: [ app_init ] --END-- [ RunTime:0.000189s ]
ERR: 无法加载模块:Wp-json

[ 2017-11-07T11:06:33+08:00 ] 140.205.201.31 /jobs/
INFO: [ app_init ] --START--
INFO: Run Behavior\BuildLiteBehavior [ RunTime:0.000010s ]
INFO: [ app_init ] --END-- [ RunTime:0.000204s ]
ERR: 无法加载模块:Jobs

[ 2017-11-07T11:11:46+08:00 ] 112.97.57.26 /favicon.ico
INFO: [ app_init ] --START--
INFO: Run Behavior\BuildLiteBehavior [ RunTime:0.000009s ]
INFO: [ app_init ] --END-- [ RunTime:0.000200s ]
ERR: 无法加载模块:Favicon

[ 2017-11-07T11:12:12+08:00 ] 112.97.57.26 /favicon.ico
INFO: [ app_init ] --START--
INFO: Run Behavior\BuildLiteBehavior [ RunTime:0.000010s ]
INFO: [ app_init ] --END-- [ RunTime:0.000214s ]
ERR: 无法加载模块:Favicon

[ 2017-11-07T11:12:34+08:00 ] 112.97.57.26 /favicon.ico
INFO: [ app_init ] --START--
INFO: Run Behavior\BuildLiteBehavior [ RunTime:0.000011s ]
INFO: [ app_init ] --END-- [ RunTime:0.000215s ]
ERR: 无法加载模块:Favicon

[ 2017-11-07T11:12:40+08:00 ] 140.205.201.31 /struts2-showcase/integration/saveGangster.action
INFO: [ app_init ] --START--
INFO: Run Behavior\BuildLiteBehavior [ RunTime:0.000010s ]
INFO: [ app_init ] --END-- [ RunTime:0.000214s ]
ERR: 无法加载模块:Struts2-showcase

